Cannot load libcuda.so.1
● Video  --vid=1  (h264 1920x1080 30 fps) [default]
VO: [libmpv] 1920x1080 yuv420p
V: 00:00:00 / 00:00:21 (0%) Cache: 21s/4MB
V: 00:00:00 / 00:00:21 (1%) Cache: 21s/4MB
V: 00:00:00 / 00:00:21 (1%) Cache: 20s/4MB
V: 00:00:00 / 00:00:21 (2%) Cache: 20s/4MB
V: 00:00:00 / 00:00:21 (3%) Cache: 20s/4MB
V: 00:00:00 / 00:00:21 (4%) Cache: 20s/4MB
V: 00:00:00 / 00:00:21 (4%) Cache: 20s/3MB
V: 00:00:01 / 00:00:21 (5%) Cache: 20s/3MB
V: 00:00:01 / 00:00:21 (6%) Cache: 20s/3MB
V: 00:00:01 / 00:00:21 (6%) Cache: 19s/3MB
V: 00:00:01 / 00:00:21 (7%) Cache: 19s/3MB
V: 00:00:01 / 00:00:21 (8%) Cache: 19s/3MB
V: 00:00:01 / 00:00:21 (9%) Cache: 19s/3MB
V: 00:00:02 / 00:00:21 (9%) Cache: 19s/3MB
V: 00:00:02 / 00:00:21 (10%) Cache: 19s/3MB
V: 00:00:02 / 00:00:21 (11%) Cache: 18s/3MB
V: 00:00:02 / 00:00:21 (12%) Cache: 18s/3MB
V: 00:00:02 / 00:00:21 (13%) Cache: 18s/3MB
V: 00:00:02 / 00:00:21 (14%) Cache: 18s/3MB
V: 00:00:03 / 00:00:21 (14%) Cache: 18s/3MB
V: 00:00:03 / 00:00:21 (15%) Cache: 18s/3MB
V: 00:00:03 / 00:00:21 (15%) Cache: 17s/3MB
V: 00:00:03 / 00:00:21 (16%) Cache: 17s/3MB
V: 00:00:03 / 00:00:21 (17%) Cache: 17s/3MB
V: 00:00:03 / 00:00:21 (18%) Cache: 17s/3MB
V: 00:00:04 / 00:00:21 (18%) Cache: 17s/3MB
V: 00:00:04 / 00:00:21 (19%) Cache: 17s/3MB
V: 00:00:04 / 00:00:21 (20%) Cache: 17s/3MB
V: 00:00:04 / 00:00:21 (20%) Cache: 16s/3MB
V: 00:00:04 / 00:00:21 (21%) Cache: 16s/3MB
V: 00:00:04 / 00:00:21 (22%) Cache: 16s/3MB
V: 00:00:04 / 00:00:21 (23%) Cache: 16s/3MB
V: 00:00:05 / 00:00:21 (23%) Cache: 16s/3MB
V: 00:00:05 / 00:00:21 (24%) Cache: 16s/3MB
V: 00:00:05 / 00:00:21 (24%) Cache: 15s/3MB
V: 00:00:05 / 00:00:21 (25%) Cache: 15s/3MB
V: 00:00:05 / 00:00:21 (26%) Cache: 15s/3MB
V: 00:00:05 / 00:00:21 (27%) Cache: 15s/3MB
V: 00:00:06 / 00:00:21 (27%) Cache: 15s/3MB
V: 00:00:06 / 00:00:21 (28%) Cache: 15s/3MB
V: 00:00:06 / 00:00:21 (29%) Cache: 15s/3MB
V: 00:00:06 / 00:00:21 (29%) Cache: 14s/2MB
V: 00:00:06 / 00:00:21 (30%) Cache: 14s/2MB
V: 00:00:06 / 00:00:21 (31%) Cache: 14s/2MB
V: 00:00:06 / 00:00:21 (32%) Cache: 14s/2MB
V: 00:00:07 / 00:00:21 (32%) Cache: 14s/2MB
V: 00:00:07 / 00:00:21 (33%) Cache: 14s/2MB
V: 00:00:07 / 00:00:21 (33%) Cache: 13s/2MB
V: 00:00:07 / 00:00:21 (34%) Cache: 13s/2MB
V: 00:00:07 / 00:00:21 (35%) Cache: 13s/2MB
V: 00:00:07 / 00:00:21 (36%) Cache: 13s/2MB
V: 00:00:08 / 00:00:21 (37%) Cache: 13s/2MB
V: 00:00:08 / 00:00:21 (38%) Cache: 13s/2MB
V: 00:00:08 / 00:00:21 (38%) Cache: 12s/2MB
V: 00:00:08 / 00:00:21 (39%) Cache: 12s/2MB
V: 00:00:08 / 00:00:21 (40%) Cache: 12s/2MB
V: 00:00:08 / 00:00:21 (41%) Cache: 12s/2MB
V: 00:00:09 / 00:00:21 (41%) Cache: 12s/2MB
V: 00:00:09 / 00:00:21 (42%) Cache: 12s/2MB
V: 00:00:09 / 00:00:21 (43%) Cache: 11s/2MB
V: 00:00:09 / 00:00:21 (44%) Cache: 11s/2MB
V: 00:00:09 / 00:00:21 (45%) Cache: 11s/2MB
V: 00:00:09 / 00:00:21 (46%) Cache: 11s/2MB
V: 00:00:10 / 00:00:21 (46%) Cache: 11s/2MB
V: 00:00:10 / 00:00:21 (47%) Cache: 11s/2MB
V: 00:00:10 / 00:00:21 (47%) Cache: 10s/2MB
V: 00:00:10 / 00:00:21 (48%) Cache: 10s/2MB
V: 00:00:10 / 00:00:21 (49%) Cache: 10s/2MB
V: 00:00:10 / 00:00:21 (50%) Cache: 10s/2MB
V: 00:00:11 / 00:00:21 (50%) Cache: 10s/2MB
V: 00:00:11 / 00:00:21 (51%) Cache: 10s/2MB
V: 00:00:11 / 00:00:21 (51%) Cache: 10s/1MB
V: 00:00:11 / 00:00:21 (52%) Cache: 10s/1MB
V: 00:00:11 / 00:00:21 (52%) Cache: 10.0s/1MB
V: 00:00:11 / 00:00:21 (52%) Cache: 9.9s/1MB
V: 00:00:11 / 00:00:21 (52%) Cache: 9.8s/1MB
V: 00:00:11 / 00:00:21 (53%) Cache: 9.8s/1MB
V: 00:00:11 / 00:00:21 (53%) Cache: 9.7s/1MB
V: 00:00:11 / 00:00:21 (53%) Cache: 9.6s/1MB
V: 00:00:11 / 00:00:21 (54%) Cache: 9.6s/1MB
V: 00:00:11 / 00:00:21 (54%) Cache: 9.5s/1MB
V: 00:00:11 / 00:00:21 (54%) Cache: 9.4s/1MB
V: 00:00:11 / 00:00:21 (55%) Cache: 9.4s/1MB
V: 00:00:11 / 00:00:21 (55%) Cache: 9.3s/1MB
V: 00:00:12 / 00:00:21 (55%) Cache: 9.3s/1MB
V: 00:00:12 / 00:00:21 (55%) Cache: 9.2s/1MB
V: 00:00:12 / 00:00:21 (56%) Cache: 9.1s/1MB
V: 00:00:12 / 00:00:21 (56%) Cache: 9.0s/1MB
V: 00:00:12 / 00:00:21 (56%) Cache: 8.9s/1MB
V: 00:00:12 / 00:00:21 (57%) Cache: 8.9s/1MB
V: 00:00:12 / 00:00:21 (57%) Cache: 8.8s/1MB
V: 00:00:12 / 00:00:21 (57%) Cache: 8.7s/1MB
V: 00:00:12 / 00:00:21 (58%) Cache: 8.7s/1MB
V: 00:00:12 / 00:00:21 (58%) Cache: 8.6s/1MB
V: 00:00:12 / 00:00:21 (58%) Cache: 8.5s/1MB
V: 00:00:12 / 00:00:21 (59%) Cache: 8.5s/1MB
V: 00:00:12 / 00:00:21 (59%) Cache: 8.4s/1MB
V: 00:00:12 / 00:00:21 (59%) Cache: 8.3s/1MB
V: 00:00:13 / 00:00:21 (60%) Cache: 8.3s/1MB
V: 00:00:13 / 00:00:21 (60%) Cache: 8.2s/1MB
V: 00:00:13 / 00:00:21 (60%) Cache: 8.1s/1MB
V: 00:00:13 / 00:00:21 (61%) Cache: 8.0s/1MB
V: 00:00:13 / 00:00:21 (61%) Cache: 7.9s/1MB
V: 00:00:13 / 00:00:21 (62%) Cache: 7.8s/1MB
V: 00:00:13 / 00:00:21 (62%) Cache: 7.7s/1MB
V: 00:00:13 / 00:00:21 (62%) Cache: 7.6s/1MB
V: 00:00:13 / 00:00:21 (63%) Cache: 7.6s/1MB
V: 00:00:13 / 00:00:21 (63%) Cache: 7.5s/1MB
V: 00:00:13 / 00:00:21 (63%) Cache: 7.4s/1MB
V: 00:00:13 / 00:00:21 (64%) Cache: 7.4s/1MB
V: 00:00:13 / 00:00:21 (64%) Cache: 7.3s/1MB
V: 00:00:14 / 00:00:21 (64%) Cache: 7.3s/1MB
V: 00:00:14 / 00:00:21 (64%) Cache: 7.2s/1MB
V: 00:00:14 / 00:00:21 (65%) Cache: 7.2s/1MB
V: 00:00:14 / 00:00:21 (65%) Cache: 7.1s/1MB
V: 00:00:14 / 00:00:21 (65%) Cache: 7.0s/1MB
V: 00:00:14 / 00:00:21 (66%) Cache: 6.9s/1MB
V: 00:00:14 / 00:00:21 (66%) Cache: 6.8s/1MB
V: 00:00:14 / 00:00:21 (67%) Cache: 6.7s/1MB
V: 00:00:14 / 00:00:21 (67%) Cache: 6.6s/1MB
V: 00:00:14 / 00:00:21 (67%) Cache: 6.5s/1MB
V: 00:00:14 / 00:00:21 (68%) Cache: 6.5s/1MB
V: 00:00:14 / 00:00:21 (68%) Cache: 6.4s/1MB
V: 00:00:14 / 00:00:21 (68%) Cache: 6.3s/1MB
V: 00:00:14 / 00:00:21 (69%) Cache: 6.3s/1MB
V: 00:00:15 / 00:00:21 (69%) Cache: 6.3s/1MB
V: 00:00:15 / 00:00:21 (69%) Cache: 6.2s/1MB
V: 00:00:15 / 00:00:21 (69%) Cache: 6.1s/1MB
V: 00:00:15 / 00:00:21 (70%) Cache: 6.1s/1MB
V: 00:00:15 / 00:00:21 (70%) Cache: 6.0s/1MB
V: 00:00:15 / 00:00:21 (70%) Cache: 5.9s/1MB
V: 00:00:15 / 00:00:21 (71%) Cache: 5.9s/1MB
V: 00:00:15 / 00:00:21 (71%) Cache: 5.8s/1MB
V: 00:00:15 / 00:00:21 (71%) Cache: 5.7s/1MB
V: 00:00:15 / 00:00:21 (72%) Cache: 5.6s/1MB
V: 00:00:15 / 00:00:21 (72%) Cache: 5.5s/1MB
V: 00:00:15 / 00:00:21 (73%) Cache: 5.4s/1MB
V: 00:00:15 / 00:00:21 (73%) Cache: 5.3s/1MB
V: 00:00:16 / 00:00:21 (73%) Cache: 5.3s/1MB
V: 00:00:16 / 00:00:21 (73%) Cache: 5.2s/1MB
V: 00:00:16 / 00:00:21 (74%) Cache: 5.2s/1MB
V: 00:00:16 / 00:00:21 (74%) Cache: 5.1s/984KB
V: 00:00:16 / 00:00:21 (74%) Cache: 5.1s/976KB
V: 00:00:16 / 00:00:21 (74%) Cache: 5.1s/959KB
V: 00:00:16 / 00:00:21 (74%) Cache: 5.0s/954KB
V: 00:00:16 / 00:00:21 (75%) Cache: 5.0s/952KB
V: 00:00:16 / 00:00:21 (75%) Cache: 5.0s/949KB
V: 00:00:16 / 00:00:21 (75%) Cache: 4.9s/935KB
V: 00:00:16 / 00:00:21 (75%) Cache: 4.9s/930KB
V: 00:00:16 / 00:00:21 (75%) Cache: 4.9s/928KB
V: 00:00:16 / 00:00:21 (75%) Cache: 4.8s/926KB
V: 00:00:16 / 00:00:21 (75%) Cache: 4.8s/904KB
V: 00:00:16 / 00:00:21 (76%) Cache: 4.8s/898KB
V: 00:00:16 / 00:00:21 (76%) Cache: 4.7s/895KB
V: 00:00:16 / 00:00:21 (76%) Cache: 4.7s/893KB
V: 00:00:16 / 00:00:21 (76%) Cache: 4.7s/877KB
V: 00:00:16 / 00:00:21 (76%) Cache: 4.6s/871KB
V: 00:00:16 / 00:00:21 (76%) Cache: 4.6s/869KB
V: 00:00:16 / 00:00:21 (76%) Cache: 4.6s/866KB
V: 00:00:16 / 00:00:21 (77%) Cache: 4.5s/851KB
V: 00:00:16 / 00:00:21 (77%) Cache: 4.5s/847KB
V: 00:00:16 / 00:00:21 (77%) Cache: 4.5s/845KB
V: 00:00:16 / 00:00:21 (77%) Cache: 4.4s/842KB
V: 00:00:16 / 00:00:21 (77%) Cache: 4.4s/830KB
V: 00:00:16 / 00:00:21 (77%) Cache: 4.4s/826KB
V: 00:00:16 / 00:00:21 (78%) Cache: 4.3s/824KB
V: 00:00:16 / 00:00:21 (78%) Cache: 4.3s/821KB
V: 00:00:17 / 00:00:21 (78%) Cache: 4.3s/808KB
V: 00:00:17 / 00:00:21 (78%) Cache: 4.2s/803KB
V: 00:00:17 / 00:00:21 (78%) Cache: 4.2s/801KB
V: 00:00:17 / 00:00:21 (78%) Cache: 4.2s/799KB
V: 00:00:17 / 00:00:21 (78%) Cache: 4.1s/775KB
V: 00:00:17 / 00:00:21 (79%) Cache: 4.1s/769KB
V: 00:00:17 / 00:00:21 (79%) Cache: 4.1s/766KB
V: 00:00:17 / 00:00:21 (79%) Cache: 4.0s/762KB
V: 00:00:17 / 00:00:21 (79%) Cache: 4.0s/750KB
V: 00:00:17 / 00:00:21 (79%) Cache: 4.0s/728KB
V: 00:00:17 / 00:00:21 (79%) Cache: 3.9s/724KB
V: 00:00:17 / 00:00:21 (80%) Cache: 3.9s/721KB
V: 00:00:17 / 00:00:21 (80%) Cache: 3.9s/719KB
V: 00:00:17 / 00:00:21 (80%) Cache: 3.8s/688KB
V: 00:00:17 / 00:00:21 (80%) Cache: 3.8s/684KB
V: 00:00:17 / 00:00:21 (80%) Cache: 3.8s/682KB
V: 00:00:17 / 00:00:21 (80%) Cache: 3.7s/680KB
V: 00:00:17 / 00:00:21 (80%) Cache: 3.7s/665KB
V: 00:00:17 / 00:00:21 (81%) Cache: 3.7s/662KB
V: 00:00:17 / 00:00:21 (81%) Cache: 3.6s/660KB
V: 00:00:17 / 00:00:21 (81%) Cache: 3.6s/658KB
V: 00:00:17 / 00:00:21 (81%) Cache: 3.6s/650KB
V: 00:00:17 / 00:00:21 (81%) Cache: 3.5s/648KB
V: 00:00:17 / 00:00:21 (81%) Cache: 3.5s/647KB
V: 00:00:17 / 00:00:21 (82%) Cache: 3.5s/645KB
V: 00:00:17 / 00:00:21 (82%) Cache: 3.4s/633KB
V: 00:00:17 / 00:00:21 (82%) Cache: 3.4s/629KB
V: 00:00:17 / 00:00:21 (82%) Cache: 3.4s/628KB
V: 00:00:17 / 00:00:21 (82%) Cache: 3.3s/626KB
V: 00:00:17 / 00:00:21 (82%) Cache: 3.3s/620KB
V: 00:00:18 / 00:00:21 (82%) Cache: 3.3s/601KB
V: 00:00:18 / 00:00:21 (83%) Cache: 3.2s/595KB
V: 00:00:18 / 00:00:21 (83%) Cache: 3.2s/593KB
V: 00:00:18 / 00:00:21 (83%) Cache: 3.2s/591KB
V: 00:00:18 / 00:00:21 (83%) Cache: 3.1s/572KB
V: 00:00:18 / 00:00:21 (83%) Cache: 3.1s/566KB
V: 00:00:18 / 00:00:21 (83%) Cache: 3.1s/564KB
V: 00:00:18 / 00:00:21 (84%) Cache: 3.0s/561KB
V: 00:00:18 / 00:00:21 (84%) Cache: 3.0s/540KB
V: 00:00:18 / 00:00:21 (84%) Cache: 3.0s/536KB
V: 00:00:18 / 00:00:21 (84%) Cache: 2.9s/534KB
V: 00:00:18 / 00:00:21 (84%) Cache: 2.9s/532KB
V: 00:00:18 / 00:00:21 (84%) Cache: 2.9s/504KB
V: 00:00:18 / 00:00:21 (84%) Cache: 2.8s/500KB
V: 00:00:18 / 00:00:21 (85%) Cache: 2.8s/497KB
V: 00:00:18 / 00:00:21 (85%) Cache: 2.8s/495KB
V: 00:00:18 / 00:00:21 (85%) Cache: 2.7s/475KB
V: 00:00:18 / 00:00:21 (85%) Cache: 2.7s/469KB
V: 00:00:18 / 00:00:21 (85%) Cache: 2.7s/466KB
V: 00:00:18 / 00:00:21 (85%) Cache: 2.6s/463KB
V: 00:00:18 / 00:00:21 (85%) Cache: 2.6s/446KB
V: 00:00:18 / 00:00:21 (86%) Cache: 2.6s/441KB
V: 00:00:18 / 00:00:21 (86%) Cache: 2.5s/439KB
V: 00:00:18 / 00:00:21 (86%) Cache: 2.5s/437KB
V: 00:00:18 / 00:00:21 (86%) Cache: 2.5s/421KB
V: 00:00:18 / 00:00:21 (86%) Cache: 2.4s/416KB
V: 00:00:18 / 00:00:21 (86%) Cache: 2.4s/414KB
V: 00:00:18 / 00:00:21 (87%) Cache: 2.4s/412KB
V: 00:00:18 / 00:00:21 (87%) Cache: 2.3s/397KB
V: 00:00:18 / 00:00:21 (87%) Cache: 2.3s/394KB
V: 00:00:19 / 00:00:21 (87%) Cache: 2.3s/391KB
V: 00:00:19 / 00:00:21 (87%) Cache: 2.2s/376KB
V: 00:00:19 / 00:00:21 (87%) Cache: 2.2s/371KB
V: 00:00:19 / 00:00:21 (87%) Cache: 2.2s/369KB
V: 00:00:19 / 00:00:21 (88%) Cache: 2.1s/367KB
V: 00:00:19 / 00:00:21 (88%) Cache: 2.1s/353KB
V: 00:00:19 / 00:00:21 (88%) Cache: 2.1s/348KB
V: 00:00:19 / 00:00:21 (88%) Cache: 2.0s/347KB
V: 00:00:19 / 00:00:21 (88%) Cache: 2.0s/344KB
V: 00:00:19 / 00:00:21 (88%) Cache: 2.0s/331KB
V: 00:00:19 / 00:00:21 (89%) Cache: 1.9s/326KB
V: 00:00:19 / 00:00:21 (89%) Cache: 1.9s/324KB
V: 00:00:19 / 00:00:21 (89%) Cache: 1.9s/321KB
V: 00:00:19 / 00:00:21 (89%) Cache: 1.8s/297KB
V: 00:00:19 / 00:00:21 (89%) Cache: 1.8s/291KB
V: 00:00:19 / 00:00:21 (89%) Cache: 1.8s/288KB
V: 00:00:19 / 00:00:21 (89%) Cache: 1.7s/286KB
V: 00:00:19 / 00:00:21 (90%) Cache: 1.7s/270KB
V: 00:00:19 / 00:00:21 (90%) Cache: 1.7s/267KB
V: 00:00:19 / 00:00:21 (90%) Cache: 1.6s/264KB
V: 00:00:19 / 00:00:21 (90%) Cache: 1.6s/262KB
V: 00:00:19 / 00:00:21 (90%) Cache: 1.6s/246KB
V: 00:00:19 / 00:00:21 (90%) Cache: 1.5s/242KB
V: 00:00:19 / 00:00:21 (91%) Cache: 1.5s/240KB
V: 00:00:19 / 00:00:21 (91%) Cache: 1.5s/238KB
V: 00:00:19 / 00:00:21 (91%) Cache: 1.4s/223KB
V: 00:00:19 / 00:00:21 (91%) Cache: 1.4s/217KB
V: 00:00:19 / 00:00:21 (91%) Cache: 1.4s/215KB
V: 00:00:19 / 00:00:21 (91%) Cache: 1.3s/213KB
V: 00:00:19 / 00:00:21 (91%) Cache: 1.3s/200KB
V: 00:00:20 / 00:00:21 (92%) Cache: 1.3s/195KB
V: 00:00:20 / 00:00:21 (92%) Cache: 1.2s/193KB
V: 00:00:20 / 00:00:21 (92%) Cache: 1.2s/192KB
V: 00:00:20 / 00:00:21 (92%) Cache: 1.2s/179KB
V: 00:00:20 / 00:00:21 (92%) Cache: 1.1s/174KB
V: 00:00:20 / 00:00:21 (92%) Cache: 1.1s/172KB
V: 00:00:20 / 00:00:21 (93%) Cache: 1.1s/170KB
V: 00:00:20 / 00:00:21 (93%) Cache: 1.0s/156KB
V: 00:00:20 / 00:00:21 (93%) Cache: 1.0s/151KB
V: 00:00:20 / 00:00:21 (93%) Cache: 1.0s/149KB
V: 00:00:20 / 00:00:21 (93%) Cache: 0.9s/147KB
V: 00:00:20 / 00:00:21 (93%) Cache: 0.9s/125KB
V: 00:00:20 / 00:00:21 (93%) Cache: 0.9s/121KB
V: 00:00:20 / 00:00:21 (94%) Cache: 0.8s/119KB
V: 00:00:20 / 00:00:21 (94%) Cache: 0.8s/116KB
V: 00:00:20 / 00:00:21 (94%) Cache: 0.8s/102KB
V: 00:00:20 / 00:00:21 (94%) Cache: 0.7s/98KB
V: 00:00:20 / 00:00:21 (94%) Cache: 0.7s/96KB
V: 00:00:20 / 00:00:21 (94%) Cache: 0.7s/94KB
V: 00:00:20 / 00:00:21 (95%) Cache: 0.6s/84KB
V: 00:00:20 / 00:00:21 (95%) Cache: 0.6s/80KB
V: 00:00:20 / 00:00:21 (95%) Cache: 0.6s/79KB
V: 00:00:20 / 00:00:21 (95%) Cache: 0.5s/77KB
V: 00:00:20 / 00:00:21 (95%) Cache: 0.5s/65KB
V: 00:00:20 / 00:00:21 (95%) Cache: 0.5s/60KB
V: 00:00:20 / 00:00:21 (95%) Cache: 0.4s/58KB
V: 00:00:20 / 00:00:21 (96%) Cache: 0.4s/55KB
V: 00:00:20 / 00:00:21 (96%) Cache: 0.4s/43KB
V: 00:00:20 / 00:00:21 (96%) Cache: 0.3s/38KB
V: 00:00:20 / 00:00:21 (96%) Cache: 0.3s/36KB
V: 00:00:21 / 00:00:21 (96%) Cache: 0.3s/33KB
V: 00:00:21 / 00:00:21 (96%) Cache: 0.2s/24KB
V: 00:00:21 / 00:00:21 (96%) Cache: 0.2s/21KB
V: 00:00:21 / 00:00:21 (97%) Cache: 0.2s/19KB
V: 00:00:21 / 00:00:21 (97%) Cache: 0.1s/17KB
V: 00:00:21 / 00:00:21 (97%) Cache: 0.1s/10KB
V: 00:00:21 / 00:00:21 (97%) Cache: 0.1s/5KB
V: 00:00:21 / 00:00:21 (97%) Cache: 0.0s/2KB
V: 00:00:21 / 00:00:21 (97%) Cache: 0.0s
V: 00:00:21 / 00:00:21 (98%) Cache: 0.0s
V: 00:00:21 / 00:00:21 (99%) Cache: 0.0s
V: 00:00:21 / 00:00:21 (100%) Cache: 0.0s
(Paused) V: 00:00:21 / 00:00:21 (100%) Cache: 0.0smpvpaper: unrecognized option '--repeat'
Cannot load libcuda.so.1
● Video  --vid=1  (h264 1920x1080 30 fps) [default]
VO: [libmpv] 1920x1080 yuv420p
V: 00:00:00 / 00:00:21 (0%) Cache: 21s/4MB
V: 00:00:00 / 00:00:21 (1%) Cache: 21s/4MB
V: 00:00:00 / 00:00:21 (1%) Cache: 20s/4MB
V: 00:00:00 / 00:00:21 (2%) Cache: 20s/4MB
V: 00:00:00 / 00:00:21 (3%) Cache: 20s/4MB
V: 00:00:00 / 00:00:21 (4%) Cache: 20s/4MB
V: 00:00:00 / 00:00:21 (4%) Cache: 20s/3MB
V: 00:00:01 / 00:00:21 (5%) Cache: 20s/3MB
V: 00:00:01 / 00:00:21 (6%) Cache: 20s/3MB
V: 00:00:01 / 00:00:21 (6%) Cache: 19s/3MB
V: 00:00:01 / 00:00:21 (7%) Cache: 19s/3MB
V: 00:00:01 / 00:00:21 (8%) Cache: 19s/3MB
V: 00:00:01 / 00:00:21 (9%) Cache: 19s/3MB
V: 00:00:02 / 00:00:21 (9%) Cache: 19s/3MB
V: 00:00:02 / 00:00:21 (10%) Cache: 19s/3MB
V: 00:00:02 / 00:00:21 (11%) Cache: 18s/3MB
V: 00:00:02 / 00:00:21 (12%) Cache: 18s/3MB
V: 00:00:02 / 00:00:21 (13%) Cache: 18s/3MB
V: 00:00:02 / 00:00:21 (14%) Cache: 18s/3MB
V: 00:00:03 / 00:00:21 (14%) Cache: 18s/3MB
V: 00:00:03 / 00:00:21 (15%) Cache: 18s/3MB
V: 00:00:03 / 00:00:21 (15%) Cache: 17s/3MB
V: 00:00:03 / 00:00:21 (16%) Cache: 17s/3MB
V: 00:00:03 / 00:00:21 (17%) Cache: 17s/3MB
V: 00:00:03 / 00:00:21 (18%) Cache: 17s/3MB
V: 00:00:04 / 00:00:21 (18%) Cache: 17s/3MB
V: 00:00:04 / 00:00:21 (19%) Cache: 17s/3MB
V: 00:00:04 / 00:00:21 (20%) Cache: 17s/3MB
V: 00:00:04 / 00:00:21 (20%) Cache: 16s/3MB
V: 00:00:04 / 00:00:21 (21%) Cache: 16s/3MB
V: 00:00:04 / 00:00:21 (22%) Cache: 16s/3MB
V: 00:00:04 / 00:00:21 (23%) Cache: 16s/3MB
V: 00:00:05 / 00:00:21 (23%) Cache: 16s/3MB
V: 00:00:05 / 00:00:21 (24%) Cache: 16s/3MB
V: 00:00:05 / 00:00:21 (24%) Cache: 15s/3MB
V: 00:00:05 / 00:00:21 (25%) Cache: 15s/3MB
V: 00:00:05 / 00:00:21 (26%) Cache: 15s/3MB
V: 00:00:05 / 00:00:21 (27%) Cache: 15s/3MB
V: 00:00:06 / 00:00:21 (27%) Cache: 15s/3MB
V: 00:00:06 / 00:00:21 (28%) Cache: 15s/3MB
V: 00:00:06 / 00:00:21 (29%) Cache: 15s/3MB
V: 00:00:06 / 00:00:21 (29%) Cache: 14s/2MB
V: 00:00:06 / 00:00:21 (30%) Cache: 14s/2MB
V: 00:00:06 / 00:00:21 (31%) Cache: 14s/2MB
V: 00:00:06 / 00:00:21 (32%) Cache: 14s/2MB
V: 00:00:07 / 00:00:21 (32%) Cache: 14s/2MB
V: 00:00:07 / 00:00:21 (33%) Cache: 14s/2MB
V: 00:00:07 / 00:00:21 (33%) Cache: 13s/2MB
V: 00:00:07 / 00:00:21 (34%) Cache: 13s/2MB
V: 00:00:07 / 00:00:21 (35%) Cache: 13s/2MB
V: 00:00:07 / 00:00:21 (36%) Cache: 13s/2MB
V: 00:00:08 / 00:00:21 (37%) Cache: 13s/2MB
V: 00:00:08 / 00:00:21 (38%) Cache: 13s/2MB
V: 00:00:08 / 00:00:21 (38%) Cache: 12s/2MB
V: 00:00:08 / 00:00:21 (39%) Cache: 12s/2MB
V: 00:00:08 / 00:00:21 (40%) Cache: 12s/2MB
V: 00:00:08 / 00:00:21 (41%) Cache: 12s/2MB
V: 00:00:09 / 00:00:21 (41%) Cache: 12s/2MB
V: 00:00:09 / 00:00:21 (42%) Cache: 12s/2MB
V: 00:00:09 / 00:00:21 (43%) Cache: 11s/2MB
V: 00:00:09 / 00:00:21 (44%) Cache: 11s/2MB
V: 00:00:09 / 00:00:21 (45%) Cache: 11s/2MB
V: 00:00:09 / 00:00:21 (46%) Cache: 11s/2MB
V: 00:00:10 / 00:00:21 (46%) Cache: 11s/2MB
V: 00:00:10 / 00:00:21 (47%) Cache: 11s/2MB
V: 00:00:10 / 00:00:21 (47%) Cache: 10s/2MB
V: 00:00:10 / 00:00:21 (48%) Cache: 10s/2MB
V: 00:00:10 / 00:00:21 (49%) Cache: 10s/2MB
V: 00:00:10 / 00:00:21 (50%) Cache: 10s/2MB
V: 00:00:11 / 00:00:21 (50%) Cache: 10s/2MB
V: 00:00:11 / 00:00:21 (51%) Cache: 10s/2MB
V: 00:00:11 / 00:00:21 (51%) Cache: 10s/1MB
V: 00:00:11 / 00:00:21 (52%) Cache: 10s/1MB
V: 00:00:11 / 00:00:21 (52%) Cache: 10.0s/1MB
V: 00:00:11 / 00:00:21 (52%) Cache: 9.9s/1MB
V: 00:00:11 / 00:00:21 (52%) Cache: 9.8s/1MB
V: 00:00:11 / 00:00:21 (53%) Cache: 9.8s/1MB
V: 00:00:11 / 00:00:21 (53%) Cache: 9.7s/1MB
V: 00:00:11 / 00:00:21 (53%) Cache: 9.6s/1MB
V: 00:00:11 / 00:00:21 (54%) Cache: 9.6s/1MB
V: 00:00:11 / 00:00:21 (54%) Cache: 9.5s/1MB
V: 00:00:11 / 00:00:21 (54%) Cache: 9.4s/1MB
V: 00:00:11 / 00:00:21 (55%) Cache: 9.4s/1MB
V: 00:00:11 / 00:00:21 (55%) Cache: 9.3s/1MB
V: 00:00:12 / 00:00:21 (55%) Cache: 9.3s/1MB
V: 00:00:12 / 00:00:21 (55%) Cache: 9.2s/1MB
V: 00:00:12 / 00:00:21 (56%) Cache: 9.1s/1MB
V: 00:00:12 / 00:00:21 (56%) Cache: 9.0s/1MB
V: 00:00:12 / 00:00:21 (56%) Cache: 8.9s/1MB
V: 00:00:12 / 00:00:21 (57%) Cache: 8.9s/1MB
V: 00:00:12 / 00:00:21 (57%) Cache: 8.8s/1MB
V: 00:00:12 / 00:00:21 (57%) Cache: 8.7s/1MB
V: 00:00:12 / 00:00:21 (58%) Cache: 8.7s/1MB
V: 00:00:12 / 00:00:21 (58%) Cache: 8.6s/1MB
V: 00:00:12 / 00:00:21 (58%) Cache: 8.5s/1MB
V: 00:00:12 / 00:00:21 (59%) Cache: 8.5s/1MB
V: 00:00:12 / 00:00:21 (59%) Cache: 8.4s/1MB
V: 00:00:12 / 00:00:21 (59%) Cache: 8.3s/1MB
V: 00:00:13 / 00:00:21 (60%) Cache: 8.3s/1MB
V: 00:00:13 / 00:00:21 (60%) Cache: 8.2s/1MB
V: 00:00:13 / 00:00:21 (60%) Cache: 8.1s/1MB
V: 00:00:13 / 00:00:21 (61%) Cache: 8.0s/1MB
V: 00:00:13 / 00:00:21 (61%) Cache: 7.9s/1MB
V: 00:00:13 / 00:00:21 (62%) Cache: 7.8s/1MB
V: 00:00:13 / 00:00:21 (62%) Cache: 7.7s/1MB
V: 00:00:13 / 00:00:21 (62%) Cache: 7.6s/1MB
V: 00:00:13 / 00:00:21 (63%) Cache: 7.6s/1MB
V: 00:00:13 / 00:00:21 (63%) Cache: 7.5s/1MB
V: 00:00:13 / 00:00:21 (63%) Cache: 7.4s/1MB
V: 00:00:13 / 00:00:21 (64%) Cache: 7.4s/1MB
V: 00:00:13 / 00:00:21 (64%) Cache: 7.3s/1MB
V: 00:00:14 / 00:00:21 (64%) Cache: 7.3s/1MB
V: 00:00:14 / 00:00:21 (64%) Cache: 7.2s/1MB
V: 00:00:14 / 00:00:21 (65%) Cache: 7.2s/1MB
V: 00:00:14 / 00:00:21 (65%) Cache: 7.1s/1MB
V: 00:00:14 / 00:00:21 (65%) Cache: 7.0s/1MB
V: 00:00:14 / 00:00:21 (66%) Cache: 6.9s/1MB
V: 00:00:14 / 00:00:21 (66%) Cache: 6.8s/1MB
V: 00:00:14 / 00:00:21 (67%) Cache: 6.7s/1MB
V: 00:00:14 / 00:00:21 (67%) Cache: 6.6s/1MB
V: 00:00:14 / 00:00:21 (67%) Cache: 6.5s/1MB
V: 00:00:14 / 00:00:21 (68%) Cache: 6.5s/1MB
V: 00:00:14 / 00:00:21 (68%) Cache: 6.4s/1MB
V: 00:00:14 / 00:00:21 (68%) Cache: 6.3s/1MB
V: 00:00:14 / 00:00:21 (69%) Cache: 6.3s/1MB
V: 00:00:15 / 00:00:21 (69%) Cache: 6.3s/1MB
V: 00:00:15 / 00:00:21 (69%) Cache: 6.2s/1MB
V: 00:00:15 / 00:00:21 (69%) Cache: 6.1s/1MB
V: 00:00:15 / 00:00:21 (70%) Cache: 6.1s/1MB
V: 00:00:15 / 00:00:21 (70%) Cache: 6.0s/1MB
V: 00:00:15 / 00:00:21 (70%) Cache: 5.9s/1MB
V: 00:00:15 / 00:00:21 (71%) Cache: 5.9s/1MB
V: 00:00:15 / 00:00:21 (71%) Cache: 5.8s/1MB
V: 00:00:15 / 00:00:21 (71%) Cache: 5.7s/1MB
V: 00:00:15 / 00:00:21 (72%) Cache: 5.6s/1MB
V: 00:00:15 / 00:00:21 (72%) Cache: 5.5s/1MB
V: 00:00:15 / 00:00:21 (73%) Cache: 5.4s/1MB
V: 00:00:15 / 00:00:21 (73%) Cache: 5.3s/1MB
V: 00:00:16 / 00:00:21 (73%) Cache: 5.3s/1MB
V: 00:00:16 / 00:00:21 (73%) Cache: 5.2s/1MB
V: 00:00:16 / 00:00:21 (74%) Cache: 5.2s/1MB
V: 00:00:16 / 00:00:21 (74%) Cache: 5.1s/984KB
V: 00:00:16 / 00:00:21 (74%) Cache: 5.1s/976KB
V: 00:00:16 / 00:00:21 (74%) Cache: 5.1s/959KB
V: 00:00:16 / 00:00:21 (74%) Cache: 5.0s/954KB
V: 00:00:16 / 00:00:21 (75%) Cache: 5.0s/952KB
V: 00:00:16 / 00:00:21 (75%) Cache: 5.0s/949KB
V: 00:00:16 / 00:00:21 (75%) Cache: 4.9s/935KB
V: 00:00:16 / 00:00:21 (75%) Cache: 4.9s/930KB
V: 00:00:16 / 00:00:21 (75%) Cache: 4.9s/928KB
V: 00:00:16 / 00:00:21 (75%) Cache: 4.8s/926KB
V: 00:00:16 / 00:00:21 (75%) Cache: 4.8s/904KB
V: 00:00:16 / 00:00:21 (76%) Cache: 4.8s/898KB
V: 00:00:16 / 00:00:21 (76%) Cache: 4.7s/895KB
V: 00:00:16 / 00:00:21 (76%) Cache: 4.7s/893KB
V: 00:00:16 / 00:00:21 (76%) Cache: 4.7s/877KB
V: 00:00:16 / 00:00:21 (76%) Cache: 4.6s/871KB
V: 00:00:16 / 00:00:21 (76%) Cache: 4.6s/869KB
V: 00:00:16 / 00:00:21 (76%) Cache: 4.6s/866KB
V: 00:00:16 / 00:00:21 (77%) Cache: 4.5s/851KB
V: 00:00:16 / 00:00:21 (77%) Cache: 4.5s/847KB
V: 00:00:16 / 00:00:21 (77%) Cache: 4.5s/845KB
V: 00:00:16 / 00:00:21 (77%) Cache: 4.4s/842KB
V: 00:00:16 / 00:00:21 (77%) Cache: 4.4s/830KB
V: 00:00:16 / 00:00:21 (77%) Cache: 4.4s/826KB
V: 00:00:16 / 00:00:21 (78%) Cache: 4.3s/824KB
V: 00:00:16 / 00:00:21 (78%) Cache: 4.3s/821KB
V: 00:00:17 / 00:00:21 (78%) Cache: 4.3s/808KB
V: 00:00:17 / 00:00:21 (78%) Cache: 4.2s/803KB
V: 00:00:17 / 00:00:21 (78%) Cache: 4.2s/801KB
V: 00:00:17 / 00:00:21 (78%) Cache: 4.2s/799KB
V: 00:00:17 / 00:00:21 (78%) Cache: 4.1s/775KB
V: 00:00:17 / 00:00:21 (79%) Cache: 4.1s/769KB
V: 00:00:17 / 00:00:21 (79%) Cache: 4.1s/766KB
V: 00:00:17 / 00:00:21 (79%) Cache: 4.0s/762KB
V: 00:00:17 / 00:00:21 (79%) Cache: 4.0s/750KB
V: 00:00:17 / 00:00:21 (79%) Cache: 4.0s/728KB
V: 00:00:17 / 00:00:21 (79%) Cache: 3.9s/724KB
V: 00:00:17 / 00:00:21 (80%) Cache: 3.9s/721KB
V: 00:00:17 / 00:00:21 (80%) Cache: 3.9s/719KB
V: 00:00:17 / 00:00:21 (80%) Cache: 3.8s/688KB
V: 00:00:17 / 00:00:21 (80%) Cache: 3.8s/684KB
V: 00:00:17 / 00:00:21 (80%) Cache: 3.8s/682KB
V: 00:00:17 / 00:00:21 (80%) Cache: 3.7s/680KB
V: 00:00:17 / 00:00:21 (80%) Cache: 3.7s/665KB
V: 00:00:17 / 00:00:21 (81%) Cache: 3.7s/662KB
V: 00:00:17 / 00:00:21 (81%) Cache: 3.6s/660KB
V: 00:00:17 / 00:00:21 (81%) Cache: 3.6s/658KB
V: 00:00:17 / 00:00:21 (81%) Cache: 3.6s/650KB
V: 00:00:17 / 00:00:21 (81%) Cache: 3.5s/648KB
V: 00:00:17 / 00:00:21 (81%) Cache: 3.5s/647KB
V: 00:00:17 / 00:00:21 (82%) Cache: 3.5s/645KB
V: 00:00:17 / 00:00:21 (82%) Cache: 3.4s/633KB
V: 00:00:17 / 00:00:21 (82%) Cache: 3.4s/629KB
V: 00:00:17 / 00:00:21 (82%) Cache: 3.4s/628KB
V: 00:00:17 / 00:00:21 (82%) Cache: 3.3s/626KB
V: 00:00:17 / 00:00:21 (82%) Cache: 3.3s/620KB
V: 00:00:18 / 00:00:21 (82%) Cache: 3.3s/601KB
V: 00:00:18 / 00:00:21 (83%) Cache: 3.2s/595KB
V: 00:00:18 / 00:00:21 (83%) Cache: 3.2s/593KB
V: 00:00:18 / 00:00:21 (83%) Cache: 3.2s/591KB
V: 00:00:18 / 00:00:21 (83%) Cache: 3.1s/572KB
V: 00:00:18 / 00:00:21 (83%) Cache: 3.1s/566KB
V: 00:00:18 / 00:00:21 (83%) Cache: 3.1s/564KB
V: 00:00:18 / 00:00:21 (84%) Cache: 3.0s/561KB
V: 00:00:18 / 00:00:21 (84%) Cache: 3.0s/540KB
V: 00:00:18 / 00:00:21 (84%) Cache: 3.0s/536KB
V: 00:00:18 / 00:00:21 (84%) Cache: 2.9s/534KB
V: 00:00:18 / 00:00:21 (84%) Cache: 2.9s/532KB
V: 00:00:18 / 00:00:21 (84%) Cache: 2.9s/504KB
V: 00:00:18 / 00:00:21 (84%) Cache: 2.8s/500KB
V: 00:00:18 / 00:00:21 (85%) Cache: 2.8s/497KB
V: 00:00:18 / 00:00:21 (85%) Cache: 2.8s/495KB
V: 00:00:18 / 00:00:21 (85%) Cache: 2.7s/475KB
V: 00:00:18 / 00:00:21 (85%) Cache: 2.7s/469KB
V: 00:00:18 / 00:00:21 (85%) Cache: 2.7s/466KB
V: 00:00:18 / 00:00:21 (85%) Cache: 2.6s/463KB
V: 00:00:18 / 00:00:21 (85%) Cache: 2.6s/446KB
V: 00:00:18 / 00:00:21 (86%) Cache: 2.6s/441KB
V: 00:00:18 / 00:00:21 (86%) Cache: 2.5s/439KB
V: 00:00:18 / 00:00:21 (86%) Cache: 2.5s/437KB
V: 00:00:18 / 00:00:21 (86%) Cache: 2.5s/421KB
V: 00:00:18 / 00:00:21 (86%) Cache: 2.4s/416KB
V: 00:00:18 / 00:00:21 (86%) Cache: 2.4s/414KB
V: 00:00:18 / 00:00:21 (87%) Cache: 2.4s/412KB
V: 00:00:18 / 00:00:21 (87%) Cache: 2.3s/397KB
V: 00:00:18 / 00:00:21 (87%) Cache: 2.3s/394KB
V: 00:00:19 / 00:00:21 (87%) Cache: 2.3s/391KB
V: 00:00:19 / 00:00:21 (87%) Cache: 2.2s/376KB
V: 00:00:19 / 00:00:21 (87%) Cache: 2.2s/371KB
V: 00:00:19 / 00:00:21 (87%) Cache: 2.2s/369KB
V: 00:00:19 / 00:00:21 (88%) Cache: 2.1s/367KB
V: 00:00:19 / 00:00:21 (88%) Cache: 2.1s/353KB
V: 00:00:19 / 00:00:21 (88%) Cache: 2.1s/348KB
V: 00:00:19 / 00:00:21 (88%) Cache: 2.0s/347KB
V: 00:00:19 / 00:00:21 (88%) Cache: 2.0s/344KB
V: 00:00:19 / 00:00:21 (88%) Cache: 2.0s/331KB
V: 00:00:19 / 00:00:21 (89%) Cache: 1.9s/326KB
V: 00:00:19 / 00:00:21 (89%) Cache: 1.9s/324KB
V: 00:00:19 / 00:00:21 (89%) Cache: 1.9s/321KB
V: 00:00:19 / 00:00:21 (89%) Cache: 1.8s/297KB
V: 00:00:19 / 00:00:21 (89%) Cache: 1.8s/291KB
V: 00:00:19 / 00:00:21 (89%) Cache: 1.8s/288KB
V: 00:00:19 / 00:00:21 (89%) Cache: 1.7s/286KB
V: 00:00:19 / 00:00:21 (90%) Cache: 1.7s/270KB
V: 00:00:19 / 00:00:21 (90%) Cache: 1.7s/267KB
V: 00:00:19 / 00:00:21 (90%) Cache: 1.6s/264KB
V: 00:00:19 / 00:00:21 (90%) Cache: 1.6s/262KB
V: 00:00:19 / 00:00:21 (90%) Cache: 1.6s/246KB
V: 00:00:19 / 00:00:21 (90%) Cache: 1.5s/242KB
V: 00:00:19 / 00:00:21 (91%) Cache: 1.5s/240KB
V: 00:00:19 / 00:00:21 (91%) Cache: 1.5s/238KB
V: 00:00:19 / 00:00:21 (91%) Cache: 1.4s/223KB
V: 00:00:19 / 00:00:21 (91%) Cache: 1.4s/217KB
V: 00:00:19 / 00:00:21 (91%) Cache: 1.4s/215KB
V: 00:00:19 / 00:00:21 (91%) Cache: 1.3s/213KB
V: 00:00:19 / 00:00:21 (91%) Cache: 1.3s/200KB
V: 00:00:20 / 00:00:21 (92%) Cache: 1.3s/195KB
V: 00:00:20 / 00:00:21 (92%) Cache: 1.2s/193KB
V: 00:00:20 / 00:00:21 (92%) Cache: 1.2s/192KB
V: 00:00:20 / 00:00:21 (92%) Cache: 1.2s/179KB
V: 00:00:20 / 00:00:21 (92%) Cache: 1.1s/174KB
V: 00:00:20 / 00:00:21 (92%) Cache: 1.1s/172KB
V: 00:00:20 / 00:00:21 (93%) Cache: 1.1s/170KB
V: 00:00:20 / 00:00:21 (93%) Cache: 1.0s/156KB
V: 00:00:20 / 00:00:21 (93%) Cache: 1.0s/151KB
V: 00:00:20 / 00:00:21 (93%) Cache: 1.0s/149KB
V: 00:00:20 / 00:00:21 (93%) Cache: 0.9s/147KB
V: 00:00:20 / 00:00:21 (93%) Cache: 0.9s/125KB
V: 00:00:20 / 00:00:21 (93%) Cache: 0.9s/121KB
V: 00:00:20 / 00:00:21 (94%) Cache: 0.8s/119KB
V: 00:00:20 / 00:00:21 (94%) Cache: 0.8s/116KB
V: 00:00:20 / 00:00:21 (94%) Cache: 0.8s/102KB
V: 00:00:20 / 00:00:21 (94%) Cache: 0.7s/98KB
V: 00:00:20 / 00:00:21 (94%) Cache: 0.7s/96KB
V: 00:00:20 / 00:00:21 (94%) Cache: 0.7s/94KB
V: 00:00:20 / 00:00:21 (95%) Cache: 0.6s/84KB
V: 00:00:20 / 00:00:21 (95%) Cache: 0.6s/80KB
V: 00:00:20 / 00:00:21 (95%) Cache: 0.6s/79KB
V: 00:00:20 / 00:00:21 (95%) Cache: 0.5s/77KB
V: 00:00:20 / 00:00:21 (95%) Cache: 0.5s/65KB
V: 00:00:20 / 00:00:21 (95%) Cache: 0.5s/60KB
V: 00:00:20 / 00:00:21 (95%) Cache: 0.4s/58KB
V: 00:00:20 / 00:00:21 (96%) Cache: 0.4s/55KB
V: 00:00:20 / 00:00:21 (96%) Cache: 0.4s/43KB
V: 00:00:20 / 00:00:21 (96%) Cache: 0.3s/38KB
V: 00:00:20 / 00:00:21 (96%) Cache: 0.3s/36KB
V: 00:00:21 / 00:00:21 (96%) Cache: 0.3s/33KB
V: 00:00:21 / 00:00:21 (96%) Cache: 0.2s/24KB
V: 00:00:21 / 00:00:21 (96%) Cache: 0.2s/21KB
V: 00:00:21 / 00:00:21 (97%) Cache: 0.2s/19KB
V: 00:00:21 / 00:00:21 (97%) Cache: 0.1s/17KB
V: 00:00:21 / 00:00:21 (97%) Cache: 0.1s/10KB
V: 00:00:21 / 00:00:21 (97%) Cache: 0.1s/5KB
V: 00:00:21 / 00:00:21 (97%) Cache: 0.0s/2KB
V: 00:00:21 / 00:00:21 (97%) Cache: 0.0s
V: 00:00:21 / 00:00:21 (98%) Cache: 0.0s
V: 00:00:21 / 00:00:21 (99%) Cache: 0.0s
V: 00:00:21 / 00:00:21 (100%) Cache: 0.0s
(Paused) V: 00:00:21 / 00:00:21 (100%) Cache: 0.0sCannot load libcuda.so.1
● Video  --vid=1  (h264 1920x1080 30 fps) [default]
VO: [libmpv] 1920x1080 yuv420p
V: 00:00:00 / 00:00:21 (0%) Cache: 21s/4MB
V: 00:00:00 / 00:00:21 (1%) Cache: 21s/4MB
V: 00:00:00 / 00:00:21 (1%) Cache: 20s/4MB
V: 00:00:00 / 00:00:21 (2%) Cache: 20s/4MB
V: 00:00:00 / 00:00:21 (3%) Cache: 20s/4MB
V: 00:00:00 / 00:00:21 (4%) Cache: 20s/4MB
V: 00:00:00 / 00:00:21 (4%) Cache: 20s/3MB
V: 00:00:01 / 00:00:21 (5%) Cache: 20s/3MB
V: 00:00:01 / 00:00:21 (6%) Cache: 20s/3MB
V: 00:00:01 / 00:00:21 (6%) Cache: 19s/3MB
V: 00:00:01 / 00:00:21 (7%) Cache: 19s/3MB
V: 00:00:01 / 00:00:21 (8%) Cache: 19s/3MB
V: 00:00:01 / 00:00:21 (9%) Cache: 19s/3MB
V: 00:00:02 / 00:00:21 (9%) Cache: 19s/3MB
V: 00:00:02 / 00:00:21 (10%) Cache: 19s/3MB
V: 00:00:02 / 00:00:21 (11%) Cache: 18s/3MB
V: 00:00:02 / 00:00:21 (12%) Cache: 18s/3MB
V: 00:00:02 / 00:00:21 (13%) Cache: 18s/3MB
V: 00:00:02 / 00:00:21 (14%) Cache: 18s/3MB
V: 00:00:03 / 00:00:21 (14%) Cache: 18s/3MB
V: 00:00:03 / 00:00:21 (15%) Cache: 18s/3MB
V: 00:00:03 / 00:00:21 (15%) Cache: 17s/3MB
V: 00:00:03 / 00:00:21 (16%) Cache: 17s/3MB
V: 00:00:03 / 00:00:21 (17%) Cache: 17s/3MB
V: 00:00:03 / 00:00:21 (18%) Cache: 17s/3MB
V: 00:00:04 / 00:00:21 (18%) Cache: 17s/3MB
V: 00:00:04 / 00:00:21 (19%) Cache: 17s/3MB
V: 00:00:04 / 00:00:21 (20%) Cache: 17s/3MB
V: 00:00:04 / 00:00:21 (20%) Cache: 16s/3MB
V: 00:00:04 / 00:00:21 (21%) Cache: 16s/3MB
V: 00:00:04 / 00:00:21 (22%) Cache: 16s/3MB
V: 00:00:04 / 00:00:21 (23%) Cache: 16s/3MB
V: 00:00:05 / 00:00:21 (23%) Cache: 16s/3MB
V: 00:00:05 / 00:00:21 (24%) Cache: 16s/3MB
V: 00:00:05 / 00:00:21 (24%) Cache: 15s/3MB
V: 00:00:05 / 00:00:21 (25%) Cache: 15s/3MB
V: 00:00:05 / 00:00:21 (26%) Cache: 15s/3MB
V: 00:00:05 / 00:00:21 (27%) Cache: 15s/3MB
V: 00:00:06 / 00:00:21 (27%) Cache: 15s/3MB
V: 00:00:06 / 00:00:21 (28%) Cache: 15s/3MB
V: 00:00:06 / 00:00:21 (29%) Cache: 15s/3MB
V: 00:00:06 / 00:00:21 (29%) Cache: 14s/2MB
V: 00:00:06 / 00:00:21 (30%) Cache: 14s/2MB
V: 00:00:06 / 00:00:21 (31%) Cache: 14s/2MB
V: 00:00:06 / 00:00:21 (32%) Cache: 14s/2MB
V: 00:00:07 / 00:00:21 (32%) Cache: 14s/2MB
V: 00:00:07 / 00:00:21 (33%) Cache: 14s/2MB
V: 00:00:07 / 00:00:21 (33%) Cache: 13s/2MB
V: 00:00:07 / 00:00:21 (34%) Cache: 13s/2MB
V: 00:00:07 / 00:00:21 (35%) Cache: 13s/2MB
V: 00:00:07 / 00:00:21 (36%) Cache: 13s/2MB
V: 00:00:08 / 00:00:21 (37%) Cache: 13s/2MB
V: 00:00:08 / 00:00:21 (38%) Cache: 13s/2MB
V: 00:00:08 / 00:00:21 (38%) Cache: 12s/2MB
V: 00:00:08 / 00:00:21 (39%) Cache: 12s/2MB
V: 00:00:08 / 00:00:21 (40%) Cache: 12s/2MB
V: 00:00:08 / 00:00:21 (41%) Cache: 12s/2MB
V: 00:00:09 / 00:00:21 (41%) Cache: 12s/2MB
V: 00:00:09 / 00:00:21 (42%) Cache: 12s/2MB
V: 00:00:09 / 00:00:21 (43%) Cache: 11s/2MB
V: 00:00:09 / 00:00:21 (44%) Cache: 11s/2MB
V: 00:00:09 / 00:00:21 (45%) Cache: 11s/2MB
V: 00:00:09 / 00:00:21 (46%) Cache: 11s/2MB
V: 00:00:10 / 00:00:21 (46%) Cache: 11s/2MB
V: 00:00:10 / 00:00:21 (47%) Cache: 11s/2MB
V: 00:00:10 / 00:00:21 (47%) Cache: 10s/2MB
V: 00:00:10 / 00:00:21 (48%) Cache: 10s/2MB